********************************************************************************
DUPLICATOR-LITE PACKAGE-LOG: May 7, 2018 9:03 pm
NOTICE: Do NOT post to public sites or forums 
********************************************************************************
VERSION:	1.2.36
WORDPRESS:	4.9.5
PHP INFO:	7.0.29 | SAPI: apache2handler
SERVER:		Apache 
PHP TIME LIMIT: (0) no time limit imposed 
PHP MAX MEMORY: 2048M (128M default) 
MEMORY STACK: 2MB 

********************************************************************************
DATABASE:
********************************************************************************
BUILD MODE:   MYSQLDUMP
MYSQLTIMEOUT: 5000
MYSQLDUMP:    Is Supported 
FILTERED: [] 
RESPONSE: mysqldump: [Warning] Using a password on the command line interface can be insecure.
 
TABLES: total:13 | filtered:0 | create:13 
SQL CREATED: Web_f5b60f23d0943b9e3092180507210332_database.sql 
SQL FILE SIZE: 1.13MB (1189250) 
SQL FILE TIME: 2018-05-07 21:03:45 
SQL RUNTIME: 0.57 sec. 

******************************************************************************** 
ARCHIVE (ZIP): 
******************************************************************************** 
ARCHIVE DIR:  D:/Program Files (x86)/bitnami/apps/wordpress/htdocs 
ARCHIVE FILE: Web_f5b60f23d0943b9e3092180507210332_archive.zip 
FILTERS: *OFF* 
DIRS:
	not set 
FILES:
	not set 
EXTS:  not set 
---------------------------------------- 
COMPRESSING 
SIZE:	74.58MB 
STATS:	Dirs 813 | Files 5,315 
SQL ADDED: Web_f5b60f23d0943b9e3092180507210332_database.sql 
ZipArchive Object
(
    [status] => 0
    [statusSys] => 0
    [numFiles] => 6128
    [filename] => D:\Program Files (x86)\bitnami\apps\wordpress\htdocs\wp-snapshots\tmp\Web_f5b60f23d0943b9e3092180507210332_archive.zip
    [comment] => 
)
 
COMPRESSION RESULT: '1' 
COMPRESSED SIZE: 30.13MB 
ARCHIVE RUNTIME: 131.80 sec. 
MEMORY STACK: 4MB 

******************************************************************************** 
MAKE INSTALLER: 
******************************************************************************** 
Build Start 
Build Finished 
Preping for use 
PACK SIZE:  
Template parsed with new data 
Complete [D:/Program Files (x86)/bitnami/apps/wordpress/htdocs/wp-snapshots/tmp/Web_f5b60f23d0943b9e3092180507210332_installer.php] 
Added to archive 

******************************************************************************** 
INTEGRITY CHECKS: 
******************************************************************************** 
SQL File: 1.13MB 
Installer File: 445.88KB 
Archive File: 30.13MB  

********************************************************************************
RECORD ID:[1]
TOTAL PROCESS RUNTIME: 138.73 sec.
PEAK PHP MEMORY USED: 4MB
DONE PROCESSING => Web May 7, 2018 9:06 pm
 
